Determining if the pthread_create exist failed with the following output:
Change Dir: /home/cs104/test_git_repo/cs104-tests/hw3/cmake-build/CMakeFiles/CMakeTmp

Run Build Command:"/usr/bin/make" "cmTC_0b516/fast"
/usr/bin/make -f CMakeFiles/cmTC_0b516.dir/build.make CMakeFiles/cmTC_0b516.dir/build
make[1]: Entering directory '/home/cs104/test_git_repo/cs104-tests/hw3/cmake-build/CMakeFiles/CMakeTmp'
Building C object CMakeFiles/cmTC_0b516.dir/CheckSymbolExists.c.o
/usr/bin/cc     -o CMakeFiles/cmTC_0b516.dir/CheckSymbolExists.c.o   -c /home/cs104/test_git_repo/cs104-tests/hw3/cmake-build/CMakeFiles/CMakeTmp/CheckSymbolExists.c
Linking C executable cmTC_0b516
/usr/bin/cmake -E cmake_link_script CMakeFiles/cmTC_0b516.dir/link.txt --verbose=1
/usr/bin/cc       CMakeFiles/cmTC_0b516.dir/CheckSymbolExists.c.o  -o cmTC_0b516 
CMakeFiles/cmTC_0b516.dir/CheckSymbolExists.c.o: In function `main':
CheckSymbolExists.c:(.text+0x16): undefined reference to `pthread_create'
collect2: error: ld returned 1 exit status
CMakeFiles/cmTC_0b516.dir/build.make:97: recipe for target 'cmTC_0b516' failed
make[1]: *** [cmTC_0b516] Error 1
make[1]: Leaving directory '/home/cs104/test_git_repo/cs104-tests/hw3/cmake-build/CMakeFiles/CMakeTmp'
Makefile:126: recipe for target 'cmTC_0b516/fast' failed
make: *** [cmTC_0b516/fast] Error 2

File /home/cs104/test_git_repo/cs104-tests/hw3/cmake-build/CMakeFiles/CMakeTmp/CheckSymbolExists.c:
/* */
#include <pthread.h>

int main(int argc, char** argv)
{
  (void)argv;
#ifndef pthread_create
  return ((int*)(&pthread_create))[argc];
#else
  (void)argc;
  return 0;
#endif
}

Determining if the function pthread_create exists in the pthreads failed with the following output:
Change Dir: /home/cs104/test_git_repo/cs104-tests/hw3/cmake-build/CMakeFiles/CMakeTmp

Run Build Command:"/usr/bin/make" "cmTC_21d11/fast"
/usr/bin/make -f CMakeFiles/cmTC_21d11.dir/build.make CMakeFiles/cmTC_21d11.dir/build
make[1]: Entering directory '/home/cs104/test_git_repo/cs104-tests/hw3/cmake-build/CMakeFiles/CMakeTmp'
Building C object CMakeFiles/cmTC_21d11.dir/CheckFunctionExists.c.o
/usr/bin/cc    -DCHECK_FUNCTION_EXISTS=pthread_create   -o CMakeFiles/cmTC_21d11.dir/CheckFunctionExists.c.o   -c /usr/share/cmake-3.5/Modules/CheckFunctionExists.c
Linking C executable cmTC_21d11
/usr/bin/cmake -E cmake_link_script CMakeFiles/cmTC_21d11.dir/link.txt --verbose=1
/usr/bin/cc   -DCHECK_FUNCTION_EXISTS=pthread_create    CMakeFiles/cmTC_21d11.dir/CheckFunctionExists.c.o  -o cmTC_21d11 -lpthreads 
/usr/bin/ld: cannot find -lpthreads
collect2: error: ld returned 1 exit status
CMakeFiles/cmTC_21d11.dir/build.make:97: recipe for target 'cmTC_21d11' failed
make[1]: *** [cmTC_21d11] Error 1
make[1]: Leaving directory '/home/cs104/test_git_repo/cs104-tests/hw3/cmake-build/CMakeFiles/CMakeTmp'
Makefile:126: recipe for target 'cmTC_21d11/fast' failed
make: *** [cmTC_21d11/fast] Error 2


